0 info it worked if it ends with ok
1 verbose cli [ '/Users/dominiccrosby/.nvm/versions/node/v6.2.2/bin/node',
1 verbose cli   '/Users/dominiccrosby/.nvm/versions/node/v6.2.2/bin/npm',
1 verbose cli   'run',
1 verbose cli   'git' ]
2 info using npm@3.9.5
3 info using node@v6.2.2
4 verbose run-script [ 'pregit', 'git', 'postgit' ]
5 info lifecycle baby@1.0.0~pregit: baby@1.0.0
6 silly lifecycle baby@1.0.0~pregit: no script for pregit, continuing
7 info lifecycle baby@1.0.0~git: baby@1.0.0
8 verbose lifecycle baby@1.0.0~git: unsafe-perm in lifecycle true
9 verbose lifecycle baby@1.0.0~git: PATH: /Users/dominiccrosby/.nvm/versions/node/v6.2.2/lib/node_modules/npm/bin/node-gyp-bin:/Users/dominiccrosby/www/baby/node_modules/.bin:/Users/dominiccrosby/.nvm/versions/node/v6.2.2/bin:/Users/dominiccrosby/.nvm/versions/node/v6.2.2/bin:/usr/local/bin:/usr/bin:/bin:/usr/sbin:/sbin
10 verbose lifecycle baby@1.0.0~git: CWD: /Users/dominiccrosby/www/baby
11 silly lifecycle baby@1.0.0~git: Args: [ '-c',
11 silly lifecycle   'echo \'Enter commit message and press [ENTER]: \' && read ID && git add . && git commit -m $ID && git push origin master' ]
12 silly lifecycle baby@1.0.0~git: Returned: code: 1  signal: null
13 info lifecycle baby@1.0.0~git: Failed to exec git script
14 verbose stack Error: baby@1.0.0 git: `echo 'Enter commit message and press [ENTER]: ' && read ID && git add . && git commit -m $ID && git push origin master`
14 verbose stack Exit status 1
14 verbose stack     at EventEmitter.<anonymous> (/Users/dominiccrosby/.nvm/versions/node/v6.2.2/lib/node_modules/npm/lib/utils/lifecycle.js:245:16)
14 verbose stack     at emitTwo (events.js:106:13)
14 verbose stack     at EventEmitter.emit (events.js:191:7)
14 verbose stack     at ChildProcess.<anonymous> (/Users/dominiccrosby/.nvm/versions/node/v6.2.2/lib/node_modules/npm/lib/utils/spawn.js:24:14)
14 verbose stack     at emitTwo (events.js:106:13)
14 verbose stack     at ChildProcess.emit (events.js:191:7)
14 verbose stack     at maybeClose (internal/child_process.js:852:16)
14 verbose stack     at Process.ChildProcess._handle.onexit (internal/child_process.js:215:5)
15 verbose pkgid baby@1.0.0
16 verbose cwd /Users/dominiccrosby/www/baby
17 error Darwin 15.6.0
18 error argv "/Users/dominiccrosby/.nvm/versions/node/v6.2.2/bin/node" "/Users/dominiccrosby/.nvm/versions/node/v6.2.2/bin/npm" "run" "git"
19 error node v6.2.2
20 error npm  v3.9.5
21 error code ELIFECYCLE
22 error baby@1.0.0 git: `echo 'Enter commit message and press [ENTER]: ' && read ID && git add . && git commit -m $ID && git push origin master`
22 error Exit status 1
23 error Failed at the baby@1.0.0 git script 'echo 'Enter commit message and press [ENTER]: ' && read ID && git add . && git commit -m $ID && git push origin master'.
23 error Make sure you have the latest version of node.js and npm installed.
23 error If you do, this is most likely a problem with the baby package,
23 error not with npm itself.
23 error Tell the author that this fails on your system:
23 error     echo 'Enter commit message and press [ENTER]: ' && read ID && git add . && git commit -m $ID && git push origin master
23 error You can get information on how to open an issue for this project with:
23 error     npm bugs baby
23 error Or if that isn't available, you can get their info via:
23 error     npm owner ls baby
23 error There is likely additional logging output above.
24 verbose exit [ 1, true ]
